<?xml version="1.0" encoding="UTF-8"?>
<coverage generated="1641685582749" clover="3.2.0">
  <project timestamp="1641685582749" name="All files">
    <metrics statements="27" coveredstatements="27" conditionals="4" coveredconditionals="4" methods="3" coveredmethods="3" elements="34" coveredelements="34" complexity="0" loc="27" ncloc="27" packages="3" files="3" classes="3"/>
    <package name="Erros">
      <metrics statements="6" coveredstatements="6" conditionals="1" coveredconditionals="1" methods="1" coveredmethods="1"/>
      <file name="Missing-param-error.ts" path="C:\Users\Rafael\Documents\Javascript projects\NodeJs, Typescript, TDD, DDD, Clean Architecture e SOLID\src\Presentation\Erros\Missing-param-error.ts">
        <metrics statements="6" coveredstatements="6" conditionals="1" coveredconditionals="1" methods="1" coveredmethods="1"/>
        <line num="1" count="1" type="stmt"/>
        <line num="2" count="1" type="cond" truecount="1" falsecount="0"/>
        <line num="3" count="4" type="stmt"/>
        <line num="4" count="4" type="stmt"/>
        <line num="5" count="4" type="stmt"/>
        <line num="6" count="1" type="stmt"/>
      </file>
    </package>
    <package name="Helpers">
      <metrics statements="7" coveredstatements="7" conditionals="1" coveredconditionals="1" methods="1" coveredmethods="1"/>
      <file name="Http-helper.ts" path="C:\Users\Rafael\Documents\Javascript projects\NodeJs, Typescript, TDD, DDD, Clean Architecture e SOLID\src\Presentation\Helpers\Http-helper.ts">
        <metrics statements="7" coveredstatements="7" conditionals="1" coveredconditionals="1" methods="1" coveredmethods="1"/>
        <line num="1" count="1" type="stmt"/>
        <line num="2" count="1" type="cond" truecount="1" falsecount="0"/>
        <line num="3" count="2" type="stmt"/>
        <line num="4" count="2" type="stmt"/>
        <line num="5" count="2" type="stmt"/>
        <line num="6" count="2" type="stmt"/>
        <line num="7" count="2" type="stmt"/>
      </file>
    </package>
    <package name="controller">
      <metrics statements="14" coveredstatements="14" conditionals="2" coveredconditionals="2" methods="1" coveredmethods="1"/>
      <file name="SignUp.ts" path="C:\Users\Rafael\Documents\Javascript projects\NodeJs, Typescript, TDD, DDD, Clean Architecture e SOLID\src\Presentation\controller\SignUp.ts">
        <metrics statements="14" coveredstatements="14" conditionals="2" coveredconditionals="2" methods="1" coveredmethods="1"/>
        <line num="1" count="1" type="stmt"/>
        <line num="2" count="1" type="stmt"/>
        <line num="3" count="1" type="stmt"/>
        <line num="4" count="1" type="stmt"/>
        <line num="5" count="1" type="stmt"/>
        <line num="6" count="1" type="cond" truecount="1" falsecount="0"/>
        <line num="7" count="2" type="cond" truecount="1" falsecount="0"/>
        <line num="8" count="1" type="stmt"/>
        <line num="9" count="1" type="stmt"/>
        <line num="10" count="1" type="stmt"/>
        <line num="11" count="1" type="stmt"/>
        <line num="12" count="1" type="stmt"/>
        <line num="13" count="2" type="stmt"/>
        <line num="14" count="1" type="stmt"/>
      </file>
    </package>
  </project>
</coverage>
