TN:
SF:src\Presentation\Erros\Missing-param-error.ts
FN:2,MissingParamError
FNF:1
FNH:1
FNDA:4,MissingParamError
DA:1,1
DA:2,1
DA:3,4
DA:4,4
DA:5,4
DA:6,1
LF:6
LH:6
BRDA:2,0,0,4
BRF:1
BRH:1
end_of_record
TN:
SF:src\Presentation\Helpers\Http-helper.ts
FN:2,BadRequest
FNF:1
FNH:1
FNDA:2,BadRequest
DA:1,1
DA:2,1
DA:3,2
DA:4,2
DA:5,2
DA:6,2
DA:7,2
LF:7
LH:7
BRDA:2,0,0,2
BRF:1
BRH:1
end_of_record
TN:
SF:src\Presentation\controller\SignUp.ts
FN:6,handle
FNF:1
FNH:1
FNDA:2,handle
DA:1,1
DA:2,1
DA:3,1
DA:4,1
DA:5,1
DA:6,1
DA:7,2
DA:8,1
DA:9,1
DA:10,1
DA:11,1
DA:12,1
DA:13,2
DA:14,1
LF:14
LH:14
BRDA:6,0,0,2
BRDA:7,1,0,1
BRF:2
BRH:2
end_of_record
